<?xml version="1.0" encoding="UTF-8"?>
<testng-results ignored="0" total="10" passed="10" failed="0" skipped="0">
  <reporter-output>
    <line>
      <![CDATA[<a href='/Users/sakirsahin/IdeaProjects/TestNGFramework/screenshots/passed/logoIsPresent2022-05-17-21-47-08.png'> <img src='/Users/sakirsahin/IdeaProjects/TestNGFramework/screenshots/passed/logoIsPresent2022-05-17-21-47-08.png' height='100' width='250'/> </a>]]>
    </line>
    <line>
      <![CDATA[<a href='/Users/sakirsahin/IdeaProjects/TestNGFramework/screenshots/passed/invalidCredentials2022-05-17-21-47-09.png'> <img src='/Users/sakirsahin/IdeaProjects/TestNGFramework/screenshots/passed/invalidCredentials2022-05-17-21-47-09.png' height='100' width='250'/> </a>]]>
    </line>
    <line>
      <![CDATA[<a href='/Users/sakirsahin/IdeaProjects/TestNGFramework/screenshots/passed/invalidCredentials2022-05-17-21-47-13.png'> <img src='/Users/sakirsahin/IdeaProjects/TestNGFramework/screenshots/passed/invalidCredentials2022-05-17-21-47-13.png' height='100' width='250'/> </a>]]>
    </line>
    <line>
      <![CDATA[<a href='/Users/sakirsahin/IdeaProjects/TestNGFramework/screenshots/passed/invalidCredentials2022-05-17-21-47-16.png'> <img src='/Users/sakirsahin/IdeaProjects/TestNGFramework/screenshots/passed/invalidCredentials2022-05-17-21-47-16.png' height='100' width='250'/> </a>]]>
    </line>
    <line>
      <![CDATA[<a href='/Users/sakirsahin/IdeaProjects/TestNGFramework/screenshots/passed/addEmployee2022-05-17-21-47-19.png'> <img src='/Users/sakirsahin/IdeaProjects/TestNGFramework/screenshots/passed/addEmployee2022-05-17-21-47-19.png' height='100' width='250'/> </a>]]>
    </line>
    <line>
      <![CDATA[<a href='/Users/sakirsahin/IdeaProjects/TestNGFramework/screenshots/passed/invalidCredentials2022-05-17-21-47-19.png'> <img src='/Users/sakirsahin/IdeaProjects/TestNGFramework/screenshots/passed/invalidCredentials2022-05-17-21-47-19.png' height='100' width='250'/> </a>]]>
    </line>
    <line>
      <![CDATA[<a href='/Users/sakirsahin/IdeaProjects/TestNGFramework/screenshots/passed/addEmployee2022-05-17-21-47-31.png'> <img src='/Users/sakirsahin/IdeaProjects/TestNGFramework/screenshots/passed/addEmployee2022-05-17-21-47-31.png' height='100' width='250'/> </a>]]>
    </line>
    <line>
      <![CDATA[<a href='/Users/sakirsahin/IdeaProjects/TestNGFramework/screenshots/passed/addEmployee2022-05-17-21-47-44.png'> <img src='/Users/sakirsahin/IdeaProjects/TestNGFramework/screenshots/passed/addEmployee2022-05-17-21-47-44.png' height='100' width='250'/> </a>]]>
    </line>
    <line>
      <![CDATA[<a href='/Users/sakirsahin/IdeaProjects/TestNGFramework/screenshots/passed/addEmployee2022-05-17-21-47-58.png'> <img src='/Users/sakirsahin/IdeaProjects/TestNGFramework/screenshots/passed/addEmployee2022-05-17-21-47-58.png' height='100' width='250'/> </a>]]>
    </line>
    <line>
      <![CDATA[<a href='/Users/sakirsahin/IdeaProjects/TestNGFramework/screenshots/passed/addEmployee2022-05-17-21-48-14.png'> <img src='/Users/sakirsahin/IdeaProjects/TestNGFramework/screenshots/passed/addEmployee2022-05-17-21-48-14.png' height='100' width='250'/> </a>]]>
    </line>
  </reporter-output>
  <suite started-at="2022-05-17T21:47:04 HST" name="All Test Suite" finished-at="2022-05-17T21:48:14 HST" duration-ms="70397">
    <groups>
      <group name="regression">
        <method signature="AddEmployeeTest.addEmployee(java.lang.String,java.lang.String,java.lang.String)[pri:0, instance:test.AddEmployeeTest@56de5251]" name="addEmployee" class="test.AddEmployeeTest"/>
        <method signature="LoginTest.invalidCredentials(java.lang.String,java.lang.String,java.lang.String)[pri:0, instance:test.LoginTest@222114ba]" name="invalidCredentials" class="test.LoginTest"/>
        <method signature="LoginTest.logoIsPresent()[pri:0, instance:test.LoginTest@222114ba]" name="logoIsPresent" class="test.LoginTest"/>
      </group> <!-- regression -->
    </groups>
    <test started-at="2022-05-17T21:47:04 HST" name="ParallelTesting" finished-at="2022-05-17T21:48:14 HST" duration-ms="70397">
      <class name="test.LoginTest">
        <test-method is-config="true" signature="openBrowserAndLaunchApplication()[pri:0, instance:test.LoginTest@222114ba]" started-at="2022-05-17T21:47:04 HST" name="openBrowserAndLaunchApplication" finished-at="2022-05-17T21:47:07 HST" duration-ms="3691" status="PASS">
          <reporter-output>
          </reporter-output>
        </test-method> <!-- openBrowserAndLaunchApplication -->
        <test-method is-config="true" signature="openBrowserAndLaunchApplication()[pri:0, instance:test.LoginTest@222114ba]" started-at="2022-05-17T21:47:04 HST" name="openBrowserAndLaunchApplication" finished-at="2022-05-17T21:47:07 HST" duration-ms="3459" status="PASS">
          <reporter-output>
          </reporter-output>
        </test-method> <!-- openBrowserAndLaunchApplication -->
        <test-method signature="invalidCredentials(java.lang.String,java.lang.String,java.lang.String)[pri:0, instance:test.LoginTest@222114ba]" started-at="2022-05-17T21:47:07 HST" name="invalidCredentials" data-provider="Credentials" finished-at="2022-05-17T21:47:08 HST" duration-ms="1378" status="PASS">
          <params>
            <param index="0">
              <value>
                <![CDATA[Admin]]>
              </value>
            </param>
            <param index="1">
              <value>
                <![CDATA[abc]]>
              </value>
            </param>
            <param index="2">
              <value>
                <![CDATA[Invalid credentials]]>
              </value>
            </param>
          </params>
          <reporter-output>
            <line>
              <![CDATA[<a href='/Users/sakirsahin/IdeaProjects/TestNGFramework/screenshots/passed/invalidCredentials2022-05-17-21-47-09.png'> <img src='/Users/sakirsahin/IdeaProjects/TestNGFramework/screenshots/passed/invalidCredentials2022-05-17-21-47-09.png' height='100' width='250'/> </a>]]>
            </line>
          </reporter-output>
        </test-method> <!-- invalidCredentials -->
        <test-method signature="logoIsPresent()[pri:0, instance:test.LoginTest@222114ba]" started-at="2022-05-17T21:47:07 HST" name="logoIsPresent" finished-at="2022-05-17T21:47:07 HST" duration-ms="46" status="PASS">
          <reporter-output>
            <line>
              <![CDATA[<a href='/Users/sakirsahin/IdeaProjects/TestNGFramework/screenshots/passed/logoIsPresent2022-05-17-21-47-08.png'> <img src='/Users/sakirsahin/IdeaProjects/TestNGFramework/screenshots/passed/logoIsPresent2022-05-17-21-47-08.png' height='100' width='250'/> </a>]]>
            </line>
          </reporter-output>
        </test-method> <!-- logoIsPresent -->
        <test-method is-config="true" signature="tearDown()[pri:0, instance:test.LoginTest@222114ba]" started-at="2022-05-17T21:47:08 HST" name="tearDown" finished-at="2022-05-17T21:47:08 HST" duration-ms="114" status="PASS">
          <reporter-output>
          </reporter-output>
        </test-method> <!-- tearDown -->
        <test-method is-config="true" signature="tearDown()[pri:0, instance:test.LoginTest@222114ba]" started-at="2022-05-17T21:47:09 HST" name="tearDown" finished-at="2022-05-17T21:47:09 HST" duration-ms="108" status="PASS">
          <reporter-output>
          </reporter-output>
        </test-method> <!-- tearDown -->
        <test-method is-config="true" signature="openBrowserAndLaunchApplication()[pri:0, instance:test.LoginTest@222114ba]" started-at="2022-05-17T21:47:09 HST" name="openBrowserAndLaunchApplication" finished-at="2022-05-17T21:47:12 HST" duration-ms="2698" status="PASS">
          <reporter-output>
          </reporter-output>
        </test-method> <!-- openBrowserAndLaunchApplication -->
        <test-method signature="invalidCredentials(java.lang.String,java.lang.String,java.lang.String)[pri:0, instance:test.LoginTest@222114ba]" started-at="2022-05-17T21:47:12 HST" name="invalidCredentials" data-provider="Credentials" finished-at="2022-05-17T21:47:12 HST" duration-ms="573" status="PASS">
          <params>
            <param index="0">
              <value>
                <![CDATA[A]]>
              </value>
            </param>
            <param index="1">
              <value>
                <![CDATA[Hum@nhrm123]]>
              </value>
            </param>
            <param index="2">
              <value>
                <![CDATA[Invalid credentials]]>
              </value>
            </param>
          </params>
          <reporter-output>
            <line>
              <![CDATA[<a href='/Users/sakirsahin/IdeaProjects/TestNGFramework/screenshots/passed/invalidCredentials2022-05-17-21-47-13.png'> <img src='/Users/sakirsahin/IdeaProjects/TestNGFramework/screenshots/passed/invalidCredentials2022-05-17-21-47-13.png' height='100' width='250'/> </a>]]>
            </line>
          </reporter-output>
        </test-method> <!-- invalidCredentials -->
        <test-method is-config="true" signature="tearDown()[pri:0, instance:test.LoginTest@222114ba]" started-at="2022-05-17T21:47:13 HST" name="tearDown" finished-at="2022-05-17T21:47:13 HST" duration-ms="115" status="PASS">
          <reporter-output>
          </reporter-output>
        </test-method> <!-- tearDown -->
        <test-method is-config="true" signature="openBrowserAndLaunchApplication()[pri:0, instance:test.LoginTest@222114ba]" started-at="2022-05-17T21:47:13 HST" name="openBrowserAndLaunchApplication" finished-at="2022-05-17T21:47:15 HST" duration-ms="2272" status="PASS">
          <reporter-output>
          </reporter-output>
        </test-method> <!-- openBrowserAndLaunchApplication -->
        <test-method signature="invalidCredentials(java.lang.String,java.lang.String,java.lang.String)[pri:0, instance:test.LoginTest@222114ba]" started-at="2022-05-17T21:47:15 HST" name="invalidCredentials" data-provider="Credentials" finished-at="2022-05-17T21:47:15 HST" duration-ms="201" status="PASS">
          <params>
            <param index="0">
              <value>
                <![CDATA[Admin]]>
              </value>
            </param>
            <param index="1">
              <value>
                <![CDATA[]]>
              </value>
            </param>
            <param index="2">
              <value>
                <![CDATA[Password cannot be empty]]>
              </value>
            </param>
          </params>
          <reporter-output>
            <line>
              <![CDATA[<a href='/Users/sakirsahin/IdeaProjects/TestNGFramework/screenshots/passed/invalidCredentials2022-05-17-21-47-16.png'> <img src='/Users/sakirsahin/IdeaProjects/TestNGFramework/screenshots/passed/invalidCredentials2022-05-17-21-47-16.png' height='100' width='250'/> </a>]]>
            </line>
          </reporter-output>
        </test-method> <!-- invalidCredentials -->
        <test-method is-config="true" signature="tearDown()[pri:0, instance:test.LoginTest@222114ba]" started-at="2022-05-17T21:47:16 HST" name="tearDown" finished-at="2022-05-17T21:47:16 HST" duration-ms="106" status="PASS">
          <reporter-output>
          </reporter-output>
        </test-method> <!-- tearDown -->
        <test-method is-config="true" signature="openBrowserAndLaunchApplication()[pri:0, instance:test.LoginTest@222114ba]" started-at="2022-05-17T21:47:16 HST" name="openBrowserAndLaunchApplication" finished-at="2022-05-17T21:47:19 HST" duration-ms="3077" status="PASS">
          <reporter-output>
          </reporter-output>
        </test-method> <!-- openBrowserAndLaunchApplication -->
        <test-method signature="invalidCredentials(java.lang.String,java.lang.String,java.lang.String)[pri:0, instance:test.LoginTest@222114ba]" started-at="2022-05-17T21:47:19 HST" name="invalidCredentials" data-provider="Credentials" finished-at="2022-05-17T21:47:19 HST" duration-ms="208" status="PASS">
          <params>
            <param index="0">
              <value>
                <![CDATA[]]>
              </value>
            </param>
            <param index="1">
              <value>
                <![CDATA[Hum@nhrm123]]>
              </value>
            </param>
            <param index="2">
              <value>
                <![CDATA[Username cannot be empty]]>
              </value>
            </param>
          </params>
          <reporter-output>
            <line>
              <![CDATA[<a href='/Users/sakirsahin/IdeaProjects/TestNGFramework/screenshots/passed/invalidCredentials2022-05-17-21-47-19.png'> <img src='/Users/sakirsahin/IdeaProjects/TestNGFramework/screenshots/passed/invalidCredentials2022-05-17-21-47-19.png' height='100' width='250'/> </a>]]>
            </line>
          </reporter-output>
        </test-method> <!-- invalidCredentials -->
        <test-method is-config="true" signature="tearDown()[pri:0, instance:test.LoginTest@222114ba]" started-at="2022-05-17T21:47:19 HST" name="tearDown" finished-at="2022-05-17T21:47:20 HST" duration-ms="108" status="PASS">
          <reporter-output>
          </reporter-output>
        </test-method> <!-- tearDown -->
      </class> <!-- test.LoginTest -->
      <class name="test.AddEmployeeTest">
        <test-method is-config="true" signature="openBrowserAndLaunchApplication()[pri:0, instance:test.AddEmployeeTest@56de5251]" started-at="2022-05-17T21:47:04 HST" name="openBrowserAndLaunchApplication" finished-at="2022-05-17T21:47:07 HST" duration-ms="3206" status="PASS">
          <reporter-output>
          </reporter-output>
        </test-method> <!-- openBrowserAndLaunchApplication -->
        <test-method signature="addEmployee(java.lang.String,java.lang.String,java.lang.String)[pri:0, instance:test.AddEmployeeTest@56de5251]" started-at="2022-05-17T21:47:07 HST" name="addEmployee" data-provider="addEmp" finished-at="2022-05-17T21:47:18 HST" duration-ms="11031" status="PASS">
          <params>
            <param index="0">
              <value>
                <![CDATA[John]]>
              </value>
            </param>
            <param index="1">
              <value>
                <![CDATA[J]]>
              </value>
            </param>
            <param index="2">
              <value>
                <![CDATA[Doe]]>
              </value>
            </param>
          </params>
          <reporter-output>
            <line>
              <![CDATA[<a href='/Users/sakirsahin/IdeaProjects/TestNGFramework/screenshots/passed/addEmployee2022-05-17-21-47-19.png'> <img src='/Users/sakirsahin/IdeaProjects/TestNGFramework/screenshots/passed/addEmployee2022-05-17-21-47-19.png' height='100' width='250'/> </a>]]>
            </line>
          </reporter-output>
        </test-method> <!-- addEmployee -->
        <test-method is-config="true" signature="tearDown()[pri:0, instance:test.AddEmployeeTest@56de5251]" started-at="2022-05-17T21:47:19 HST" name="tearDown" finished-at="2022-05-17T21:47:19 HST" duration-ms="107" status="PASS">
          <reporter-output>
          </reporter-output>
        </test-method> <!-- tearDown -->
        <test-method is-config="true" signature="openBrowserAndLaunchApplication()[pri:0, instance:test.AddEmployeeTest@56de5251]" started-at="2022-05-17T21:47:19 HST" name="openBrowserAndLaunchApplication" finished-at="2022-05-17T21:47:21 HST" duration-ms="2116" status="PASS">
          <reporter-output>
          </reporter-output>
        </test-method> <!-- openBrowserAndLaunchApplication -->
        <test-method signature="addEmployee(java.lang.String,java.lang.String,java.lang.String)[pri:0, instance:test.AddEmployeeTest@56de5251]" started-at="2022-05-17T21:47:21 HST" name="addEmployee" data-provider="addEmp" finished-at="2022-05-17T21:47:31 HST" duration-ms="9844" status="PASS">
          <params>
            <param index="0">
              <value>
                <![CDATA[Tim]]>
              </value>
            </param>
            <param index="1">
              <value>
                <![CDATA[T]]>
              </value>
            </param>
            <param index="2">
              <value>
                <![CDATA[Toe]]>
              </value>
            </param>
          </params>
          <reporter-output>
            <line>
              <![CDATA[<a href='/Users/sakirsahin/IdeaProjects/TestNGFramework/screenshots/passed/addEmployee2022-05-17-21-47-31.png'> <img src='/Users/sakirsahin/IdeaProjects/TestNGFramework/screenshots/passed/addEmployee2022-05-17-21-47-31.png' height='100' width='250'/> </a>]]>
            </line>
          </reporter-output>
        </test-method> <!-- addEmployee -->
        <test-method is-config="true" signature="tearDown()[pri:0, instance:test.AddEmployeeTest@56de5251]" started-at="2022-05-17T21:47:31 HST" name="tearDown" finished-at="2022-05-17T21:47:31 HST" duration-ms="109" status="PASS">
          <reporter-output>
          </reporter-output>
        </test-method> <!-- tearDown -->
        <test-method is-config="true" signature="openBrowserAndLaunchApplication()[pri:0, instance:test.AddEmployeeTest@56de5251]" started-at="2022-05-17T21:47:31 HST" name="openBrowserAndLaunchApplication" finished-at="2022-05-17T21:47:34 HST" duration-ms="2405" status="PASS">
          <reporter-output>
          </reporter-output>
        </test-method> <!-- openBrowserAndLaunchApplication -->
        <test-method signature="addEmployee(java.lang.String,java.lang.String,java.lang.String)[pri:0, instance:test.AddEmployeeTest@56de5251]" started-at="2022-05-17T21:47:34 HST" name="addEmployee" data-provider="addEmp" finished-at="2022-05-17T21:47:44 HST" duration-ms="9886" status="PASS">
          <params>
            <param index="0">
              <value>
                <![CDATA[Peter]]>
              </value>
            </param>
            <param index="1">
              <value>
                <![CDATA[P]]>
              </value>
            </param>
            <param index="2">
              <value>
                <![CDATA[Poe]]>
              </value>
            </param>
          </params>
          <reporter-output>
            <line>
              <![CDATA[<a href='/Users/sakirsahin/IdeaProjects/TestNGFramework/screenshots/passed/addEmployee2022-05-17-21-47-44.png'> <img src='/Users/sakirsahin/IdeaProjects/TestNGFramework/screenshots/passed/addEmployee2022-05-17-21-47-44.png' height='100' width='250'/> </a>]]>
            </line>
          </reporter-output>
        </test-method> <!-- addEmployee -->
        <test-method is-config="true" signature="tearDown()[pri:0, instance:test.AddEmployeeTest@56de5251]" started-at="2022-05-17T21:47:44 HST" name="tearDown" finished-at="2022-05-17T21:47:44 HST" duration-ms="149" status="PASS">
          <reporter-output>
          </reporter-output>
        </test-method> <!-- tearDown -->
        <test-method is-config="true" signature="openBrowserAndLaunchApplication()[pri:0, instance:test.AddEmployeeTest@56de5251]" started-at="2022-05-17T21:47:44 HST" name="openBrowserAndLaunchApplication" finished-at="2022-05-17T21:47:46 HST" duration-ms="2257" status="PASS">
          <reporter-output>
          </reporter-output>
        </test-method> <!-- openBrowserAndLaunchApplication -->
        <test-method signature="addEmployee(java.lang.String,java.lang.String,java.lang.String)[pri:0, instance:test.AddEmployeeTest@56de5251]" started-at="2022-05-17T21:47:46 HST" name="addEmployee" data-provider="addEmp" finished-at="2022-05-17T21:47:58 HST" duration-ms="11387" status="PASS">
          <params>
            <param index="0">
              <value>
                <![CDATA[Mary]]>
              </value>
            </param>
            <param index="1">
              <value>
                <![CDATA[M]]>
              </value>
            </param>
            <param index="2">
              <value>
                <![CDATA[Jane]]>
              </value>
            </param>
          </params>
          <reporter-output>
            <line>
              <![CDATA[<a href='/Users/sakirsahin/IdeaProjects/TestNGFramework/screenshots/passed/addEmployee2022-05-17-21-47-58.png'> <img src='/Users/sakirsahin/IdeaProjects/TestNGFramework/screenshots/passed/addEmployee2022-05-17-21-47-58.png' height='100' width='250'/> </a>]]>
            </line>
          </reporter-output>
        </test-method> <!-- addEmployee -->
        <test-method is-config="true" signature="tearDown()[pri:0, instance:test.AddEmployeeTest@56de5251]" started-at="2022-05-17T21:47:58 HST" name="tearDown" finished-at="2022-05-17T21:47:58 HST" duration-ms="108" status="PASS">
          <reporter-output>
          </reporter-output>
        </test-method> <!-- tearDown -->
        <test-method is-config="true" signature="openBrowserAndLaunchApplication()[pri:0, instance:test.AddEmployeeTest@56de5251]" started-at="2022-05-17T21:47:58 HST" name="openBrowserAndLaunchApplication" finished-at="2022-05-17T21:48:01 HST" duration-ms="2489" status="PASS">
          <reporter-output>
          </reporter-output>
        </test-method> <!-- openBrowserAndLaunchApplication -->
        <test-method signature="addEmployee(java.lang.String,java.lang.String,java.lang.String)[pri:0, instance:test.AddEmployeeTest@56de5251]" started-at="2022-05-17T21:48:01 HST" name="addEmployee" data-provider="addEmp" finished-at="2022-05-17T21:48:13 HST" duration-ms="12532" status="PASS">
          <params>
            <param index="0">
              <value>
                <![CDATA[Con]]>
              </value>
            </param>
            <param index="1">
              <value>
                <![CDATA[C]]>
              </value>
            </param>
            <param index="2">
              <value>
                <![CDATA[Coe]]>
              </value>
            </param>
          </params>
          <reporter-output>
            <line>
              <![CDATA[<a href='/Users/sakirsahin/IdeaProjects/TestNGFramework/screenshots/passed/addEmployee2022-05-17-21-48-14.png'> <img src='/Users/sakirsahin/IdeaProjects/TestNGFramework/screenshots/passed/addEmployee2022-05-17-21-48-14.png' height='100' width='250'/> </a>]]>
            </line>
          </reporter-output>
        </test-method> <!-- addEmployee -->
        <test-method is-config="true" signature="tearDown()[pri:0, instance:test.AddEmployeeTest@56de5251]" started-at="2022-05-17T21:48:14 HST" name="tearDown" finished-at="2022-05-17T21:48:14 HST" duration-ms="106" status="PASS">
          <reporter-output>
          </reporter-output>
        </test-method> <!-- tearDown -->
      </class> <!-- test.AddEmployeeTest -->
    </test> <!-- ParallelTesting -->
  </suite> <!-- All Test Suite -->
</testng-results>
