<?xml version="1.0" encoding="UTF-8"?>
<!-- Generated by org.testng.reporters.JUnitXMLReporter -->
<testsuite ignored="0" hostname="Sakirs-MBP.lan" failures="0" tests="5" name="/Users/sakirsahin/IdeaProjects/TestNGFramework/src/test" time="23.865" errors="0" timestamp="2022-05-17T12:53:23 HST">
  <testcase classname="test.LoginTest" name="invalidCredentials" time="0.911"/>
  <testcase classname="test.LoginTest" name="invalidCredentials" time="0.593"/>
  <testcase classname="test.LoginTest" name="invalidCredentials" time="0.204"/>
  <testcase classname="test.LoginTest" name="invalidCredentials" time="0.279"/>
  <testcase classname="test.LoginTest" name="logoIsPresent" time="0.039"/>
</testsuite> <!-- /Users/sakirsahin/IdeaProjects/TestNGFramework/src/test -->
