<?xml version="1.0" encoding="UTF-8"?>
<!-- Generated by org.testng.reporters.JUnitXMLReporter -->
<testsuite ignored="0" hostname="Sakirs-MBP.lan" failures="0" tests="10" name="ParallelTesting" time="77.565" errors="0" timestamp="2022-05-17T17:10:17 HST">
  <testcase classname="test.LoginTest" name="logoIsPresent" time="0.047"/>
  <testcase classname="test.LoginTest" name="invalidCredentials" time="0.969"/>
  <testcase classname="test.LoginTest" name="invalidCredentials" time="0.676"/>
  <testcase classname="test.LoginTest" name="invalidCredentials" time="0.291"/>
  <testcase classname="test.AddEmployeeTest" name="addEmployee" time="12.001"/>
  <testcase classname="test.LoginTest" name="invalidCredentials" time="0.293"/>
  <testcase classname="test.AddEmployeeTest" name="addEmployee" time="9.839"/>
  <testcase classname="test.AddEmployeeTest" name="addEmployee" time="12.01"/>
  <testcase classname="test.AddEmployeeTest" name="addEmployee" time="9.794"/>
  <testcase classname="test.AddEmployeeTest" name="addEmployee" time="10.066"/>
</testsuite> <!-- ParallelTesting -->
