<?xml version="1.0" encoding="UTF-8"?>
<!-- Generated by org.testng.reporters.JUnitXMLReporter -->
<testsuite ignored="0" hostname="Sakirs-MBP.lan" failures="0" tests="6" name="ParallelTesting" time="47.186" errors="0" timestamp="2022-05-17T16:10:02 HST">
  <testcase classname="test.LoginTest" name="logoIsPresent" time="0.087"/>
  <testcase classname="test.LoginTest" name="invalidCredentials" time="1.385"/>
  <testcase classname="test.LoginTest" name="invalidCredentials" time="0.66"/>
  <testcase classname="test.LoginTest" name="invalidCredentials" time="0.298"/>
  <testcase classname="test.LoginTest" name="invalidCredentials" time="0.303"/>
  <testcase classname="test.AddEmployeeTest" name="addEmployee" time="40.975"/>
</testsuite> <!-- ParallelTesting -->
